{
  "RSpec": {
    "coverage": {
      "/Users/lizziehard/challenges/week_10/bank/spec/account_spec.rb": [
        1,
        null,
        1,
        2,
        null,
        1,
        1,
        null,
        null
      ],
      "/Users/lizziehard/challenges/week_10/bank/lib/account.rb": [
        1,
        1,
        null,
        1,
        1,
        null,
        null
      ],
      "/Users/lizziehard/challenges/week_10/bank/spec/transactions_spec.rb": [
        1,
        null,
        1,
        2,
        null,
        1,
        1,
        null,
        null,
        null
      ],
      "/Users/lizziehard/challenges/week_10/bank/lib/transactions.rb": [
        1,
        null,
        1,
        null,
        1,
        1,
        null,
        null
      ]
    },
    "timestamp": 1506942366
  }
}
